<?xml version="1.0" encoding="utf-8"?><testsuites name="pytest tests"><testsuite name="pytest" errors="0" failures="1" skipped="0" tests="27" time="3.417" timestamp="2026-02-15T10:06:04.709943+00:00" hostname="agent-env-4eebb1df-6db0-4161-993f-c50714484f07"><testcase classname="backend.tests.test_new_features.TestHealthAndBasics" name="test_health_endpoint" time="0.214" /><testcase classname="backend.tests.test_new_features.TestHealthAndBasics" name="test_dashboard_stats" time="0.134" /><testcase classname="backend.tests.test_new_features.TestHealthAndBasics" name="test_rooms_list" time="0.119"><failure message="AssertionError: Superior room price should be 5000TL, got 4500&#10;assert 4500 == 5000&#10; +  where 4500 = &lt;built-in method get of dict object at 0xfe7c840c0740&gt;('base_price_try')&#10; +    where &lt;built-in method get of dict object at 0xfe7c840c0740&gt; = {'base_price_eur': 135, 'base_price_try': 4500, 'capacity': 3, 'count': 2, ...}.get">backend/tests/test_new_features.py:50: in test_rooms_list
    assert room.get("base_price_try") == 5000, f"Superior room price should be 5000TL, got {room.get('base_price_try')}"
E   AssertionError: Superior room price should be 5000TL, got 4500
E   assert 4500 == 5000
E    +  where 4500 = &lt;built-in method get of dict object at 0xfe7c840c0740&gt;('base_price_try')
E    +    where &lt;built-in method get of dict object at 0xfe7c840c0740&gt; = {'base_price_eur': 135, 'base_price_try': 4500, 'capacity': 3, 'count': 2, ...}.get</failure></testcase><testcase classname="backend.tests.test_new_features.TestReviewsRegression" name="test_reviews_list" time="0.119" /><testcase classname="backend.tests.test_new_features.TestReviewsRegression" name="test_reviews_stats" time="0.131" /><testcase classname="backend.tests.test_new_features.TestDynamicPricing" name="test_pricing_calculate_high_season_holiday" time="0.101" /><testcase classname="backend.tests.test_new_features.TestDynamicPricing" name="test_pricing_calculate_low_season" time="0.105" /><testcase classname="backend.tests.test_new_features.TestDynamicPricing" name="test_pricing_range" time="0.106" /><testcase classname="backend.tests.test_new_features.TestDynamicPricing" name="test_pricing_seasons" time="0.100" /><testcase classname="backend.tests.test_new_features.TestDynamicPricing" name="test_pricing_holidays" time="0.099" /><testcase classname="backend.tests.test_new_features.TestTableReservations" name="test_table_reservations_list" time="0.103" /><testcase classname="backend.tests.test_new_features.TestTableReservations" name="test_table_reservations_availability" time="0.106" /><testcase classname="backend.tests.test_new_features.TestTableReservations" name="test_table_reservations_create" time="0.114" /><testcase classname="backend.tests.test_new_features.TestTableReservations" name="test_table_reservations_update_status" time="0.099" /><testcase classname="backend.tests.test_new_features.TestTableReservations" name="test_table_reservations_verify_update" time="0.165" /><testcase classname="backend.tests.test_new_features.TestTableReservations" name="test_table_reservations_delete" time="0.104" /><testcase classname="backend.tests.test_new_features.TestGuestLifecycle" name="test_lifecycle_templates_list" time="0.103" /><testcase classname="backend.tests.test_new_features.TestGuestLifecycle" name="test_lifecycle_template_single" time="0.103" /><testcase classname="backend.tests.test_new_features.TestGuestLifecycle" name="test_lifecycle_preview" time="0.131" /><testcase classname="backend.tests.test_new_features.TestGuestLifecycle" name="test_lifecycle_history" time="0.227" /><testcase classname="backend.tests.test_new_features.TestOtherExistingAPIs" name="test_guests_list" time="0.131" /><testcase classname="backend.tests.test_new_features.TestOtherExistingAPIs" name="test_reservations_list" time="0.107" /><testcase classname="backend.tests.test_new_features.TestOtherExistingAPIs" name="test_tasks_list" time="0.100" /><testcase classname="backend.tests.test_new_features.TestOtherExistingAPIs" name="test_events_list" time="0.095" /><testcase classname="backend.tests.test_new_features.TestOtherExistingAPIs" name="test_knowledge_list" time="0.104" /><testcase classname="backend.tests.test_new_features.TestOtherExistingAPIs" name="test_menu" time="0.101" /><testcase classname="backend.tests.test_new_features.TestOtherExistingAPIs" name="test_settings" time="0.121" /></testsuite></testsuites>