<?xml version="1.0" encoding="utf-8"?><testsuites name="pytest tests"><testsuite name="pytest" errors="0" failures="0" skipped="0" tests="15" time="4.159" timestamp="2026-02-15T11:02:39.053148+00:00" hostname="agent-env-29fc71f3-5b27-4d1d-bf22-00eb2c5678d0"><testcase classname="tests.test_iteration6.TestPublicMenu" name="test_public_menu_returns_16_categories" time="0.366" /><testcase classname="tests.test_iteration6.TestPublicMenu" name="test_public_menu_has_100_plus_items" time="0.149" /><testcase classname="tests.test_iteration6.TestPublicMenu" name="test_public_menu_theme_has_white_logo" time="0.113" /><testcase classname="tests.test_iteration6.TestPublicMenu" name="test_public_menu_theme_colors" time="0.146" /><testcase classname="tests.test_iteration6.TestPublicMenu" name="test_public_menu_uses_alifira_font" time="0.117" /><testcase classname="tests.test_iteration6.TestPublicMenu" name="test_public_menu_category_structure" time="0.113" /><testcase classname="tests.test_iteration6.TestSocialMediaPosts" name="test_get_posts_empty_list" time="0.099" /><testcase classname="tests.test_iteration6.TestSocialMediaPosts" name="test_create_post" time="0.110" /><testcase classname="tests.test_iteration6.TestSocialMediaPosts" name="test_get_single_post" time="0.425" /><testcase classname="tests.test_iteration6.TestSocialMediaPosts" name="test_update_post" time="0.331" /><testcase classname="tests.test_iteration6.TestSocialMediaPosts" name="test_delete_post" time="0.456" /><testcase classname="tests.test_iteration6.TestSocialMediaPosts" name="test_publish_post" time="0.440" /><testcase classname="tests.test_iteration6.TestSocialMediaTemplatesAndStats" name="test_get_templates" time="0.102" /><testcase classname="tests.test_iteration6.TestSocialMediaTemplatesAndStats" name="test_get_stats" time="0.100" /><testcase classname="tests.test_iteration6.TestSocialMediaTemplatesAndStats" name="test_filter_posts_by_status" time="0.996" /></testsuite></testsuites>