<?xml version="1.0" encoding="utf-8"?><testsuites name="pytest tests"><testsuite name="pytest" errors="0" failures="0" skipped="0" tests="19" time="10.871" timestamp="2026-02-15T15:54:34.421295+00:00" hostname="agent-env-7f36e715-aecd-45f0-8884-2b43cd6b40a4"><testcase classname="tests.test_iteration9_new_features.TestHealthAndBasics" name="test_health_endpoint" time="0.184" /><testcase classname="tests.test_iteration9_new_features.TestLoyaltySystem" name="test_loyalty_levels_endpoint" time="0.157" /><testcase classname="tests.test_iteration9_new_features.TestLoyaltySystem" name="test_loyalty_stats_endpoint" time="0.117" /><testcase classname="tests.test_iteration9_new_features.TestLoyaltySystem" name="test_loyalty_guests_list" time="0.142" /><testcase classname="tests.test_iteration9_new_features.TestLoyaltySystem" name="test_loyalty_guests_filter_by_level" time="0.123" /><testcase classname="tests.test_iteration9_new_features.TestLoyaltySystem" name="test_loyalty_match_guest_without_params" time="0.131" /><testcase classname="tests.test_iteration9_new_features.TestLoyaltySystem" name="test_loyalty_match_guest_with_phone" time="0.108" /><testcase classname="tests.test_iteration9_new_features.TestGuestLoyaltyDetail" name="test_guest_loyalty_detail_with_valid_id" time="0.268" /><testcase classname="tests.test_iteration9_new_features.TestGuestLoyaltyDetail" name="test_guest_loyalty_detail_with_invalid_id" time="0.115" /><testcase classname="tests.test_iteration9_new_features.TestGuestLoyaltyDetail" name="test_update_guest_loyalty" time="0.285" /><testcase classname="tests.test_iteration9_new_features.TestChatbotWithAntiHallucination" name="test_chatbot_returns_confidence_field" time="1.590" /><testcase classname="tests.test_iteration9_new_features.TestChatbotWithAntiHallucination" name="test_chatbot_response_structure" time="0.164" /><testcase classname="tests.test_iteration9_new_features.TestRateLimiter" name="test_rate_limiter_allows_15_requests" time="1.747" /><testcase classname="tests.test_iteration9_new_features.TestRateLimiter" name="test_rate_limiter_blocks_16th_request" time="2.702" /><testcase classname="tests.test_iteration9_new_features.TestRateLimiter" name="test_rate_limiter_different_sessions_independent" time="2.387" /><testcase classname="tests.test_iteration9_new_features.TestExistingFeatures" name="test_events_endpoint" time="0.133" /><testcase classname="tests.test_iteration9_new_features.TestExistingFeatures" name="test_guests_endpoint" time="0.129" /><testcase classname="tests.test_iteration9_new_features.TestExistingFeatures" name="test_automation_summary" time="0.116" /><testcase classname="tests.test_iteration9_new_features.TestExistingFeatures" name="test_scheduled_jobs" time="0.127" /></testsuite></testsuites>