<?xml version="1.0" encoding="utf-8"?><testsuites name="pytest tests"><testsuite name="pytest" errors="0" failures="0" skipped="0" tests="15" time="3.785" timestamp="2026-03-03T10:35:37.284537+00:00" hostname="agent-env-f945c202-c3c2-4b09-960d-bcda71eaf9ab"><testcase classname="backend.tests.test_iteration18_celery_removal.TestHealthAndRemovedFeatures" name="test_health_endpoint" time="0.161" /><testcase classname="backend.tests.test_iteration18_celery_removal.TestHealthAndRemovedFeatures" name="test_kitchen_orders_removed" time="0.099" /><testcase classname="backend.tests.test_iteration18_celery_removal.TestHealthAndRemovedFeatures" name="test_kitchen_notifications_removed" time="0.113" /><testcase classname="backend.tests.test_iteration18_celery_removal.TestHealthAndRemovedFeatures" name="test_financials_income_removed" time="0.108" /><testcase classname="backend.tests.test_iteration18_celery_removal.TestHealthAndRemovedFeatures" name="test_financials_expense_removed" time="0.103" /><testcase classname="backend.tests.test_iteration18_celery_removal.TestHealthAndRemovedFeatures" name="test_financials_monthly_removed" time="0.098" /><testcase classname="backend.tests.test_iteration18_celery_removal.TestHealthAndRemovedFeatures" name="test_revenue_pricing_calculate_removed" time="0.113" /><testcase classname="backend.tests.test_iteration18_celery_removal.TestHealthAndRemovedFeatures" name="test_revenue_forecast_removed" time="0.104" /><testcase classname="backend.tests.test_iteration18_celery_removal.TestCeleryScheduledJobs" name="test_scheduled_jobs_returns_6_jobs" time="0.095" /><testcase classname="backend.tests.test_iteration18_celery_removal.TestCeleryTaskExecution" name="test_breakfast_notification_task" time="0.157" /><testcase classname="backend.tests.test_iteration18_celery_removal.TestCeleryTaskExecution" name="test_morning_reminders_task" time="0.101" /><testcase classname="backend.tests.test_iteration18_celery_removal.TestCeleryTaskExecution" name="test_cleaning_notification_task" time="0.104" /><testcase classname="backend.tests.test_iteration18_celery_removal.TestCeleryTaskExecution" name="test_evening_room_check_task" time="0.105" /><testcase classname="backend.tests.test_iteration18_celery_removal.TestCeleryGroupNotifications" name="test_group_notifications_have_celery_source" time="2.101" /><testcase classname="backend.tests.test_iteration18_celery_removal.TestWhatsAppInstagramStatus" name="test_webhooks_status_both_platforms" time="0.109" /></testsuite></testsuites>