<?xml version="1.0" encoding="utf-8"?><testsuites name="pytest tests"><testsuite name="pytest" errors="0" failures="0" skipped="0" tests="19" time="6.561" timestamp="2026-02-15T10:41:08.703742+00:00" hostname="agent-env-29fc71f3-5b27-4d1d-bf22-00eb2c5678d0"><testcase classname="tests.test_qr_menu.TestPublicMenu" name="test_public_menu_returns_200" time="0.198" /><testcase classname="tests.test_qr_menu.TestPublicMenu" name="test_public_menu_has_theme" time="0.103" /><testcase classname="tests.test_qr_menu.TestPublicMenu" name="test_public_menu_has_kozbeyli_green_colors" time="0.129" /><testcase classname="tests.test_qr_menu.TestPublicMenu" name="test_public_menu_has_categories" time="0.111" /><testcase classname="tests.test_qr_menu.TestPublicMenu" name="test_public_menu_items_have_prices_in_tl" time="0.106" /><testcase classname="tests.test_qr_menu.TestPublicMenu" name="test_public_menu_has_restaurant_name" time="0.109" /><testcase classname="tests.test_qr_menu.TestPublicMenu" name="test_public_menu_has_hotel_name" time="0.114" /><testcase classname="tests.test_qr_menu.TestPublicTheme" name="test_public_theme_returns_200" time="0.137" /><testcase classname="tests.test_qr_menu.TestPublicTheme" name="test_public_theme_has_brand_info" time="0.116" /><testcase classname="tests.test_qr_menu.TestMenuAdminItems" name="test_get_menu_items_returns_list" time="0.546" /><testcase classname="tests.test_qr_menu.TestMenuAdminItems" name="test_create_menu_item" time="0.739" /><testcase classname="tests.test_qr_menu.TestMenuAdminItems" name="test_update_menu_item" time="0.878" /><testcase classname="tests.test_qr_menu.TestMenuAdminItems" name="test_delete_menu_item" time="0.629" /><testcase classname="tests.test_qr_menu.TestMenuAdminCategories" name="test_get_categories_returns_list" time="0.536" /><testcase classname="tests.test_qr_menu.TestMenuAdminCategories" name="test_create_category" time="0.682" /><testcase classname="tests.test_qr_menu.TestMenuAdminTheme" name="test_get_theme_returns_settings" time="0.457" /><testcase classname="tests.test_qr_menu.TestMenuAdminTheme" name="test_update_theme" time="0.637" /><testcase classname="tests.test_qr_menu.TestMenuAdminAuth" name="test_items_without_auth_fails" time="0.117" /><testcase classname="tests.test_qr_menu.TestMenuAdminAuth" name="test_create_item_without_auth" time="0.099" /></testsuite></testsuites>