<?xml version="1.0" encoding="utf-8"?><testsuites name="pytest tests"><testsuite name="pytest" errors="0" failures="0" skipped="0" tests="22" time="4.327" timestamp="2026-02-16T09:50:18.152381+00:00" hostname="agent-env-4a64e703-4129-467c-a298-c3809716975e"><testcase classname="tests.test_iteration13_caching_notifications.TestCacheAPI" name="test_cache_clear" time="0.186" /><testcase classname="tests.test_iteration13_caching_notifications.TestCacheAPI" name="test_cache_stats_initial" time="0.432" /><testcase classname="tests.test_iteration13_caching_notifications.TestCacheAPI" name="test_rooms_caching" time="0.403" /><testcase classname="tests.test_iteration13_caching_notifications.TestCacheAPI" name="test_analytics_kpi_caching" time="0.544" /><testcase classname="tests.test_iteration13_caching_notifications.TestCacheAPI" name="test_revenue_kpi_caching" time="0.419" /><testcase classname="tests.test_iteration13_caching_notifications.TestCacheAPI" name="test_cache_stats_structure" time="0.112" /><testcase classname="tests.test_iteration13_caching_notifications.TestNotificationsAPI" name="test_notifications_today" time="0.140" /><testcase classname="tests.test_iteration13_caching_notifications.TestNotificationsAPI" name="test_notifications_subscribe" time="0.106" /><testcase classname="tests.test_iteration13_caching_notifications.TestNotificationsAPI" name="test_notifications_unsubscribe" time="0.114" /><testcase classname="tests.test_iteration13_caching_notifications.TestNotificationsAPI" name="test_notifications_send_test" time="0.138" /><testcase classname="tests.test_iteration13_caching_notifications.TestPWAAssets" name="test_manifest_json_accessible" time="0.199" /><testcase classname="tests.test_iteration13_caching_notifications.TestPWAAssets" name="test_service_worker_accessible" time="0.120" /><testcase classname="tests.test_iteration13_caching_notifications.TestPWAAssets" name="test_service_worker_has_push_handler" time="0.116" /><testcase classname="tests.test_iteration13_caching_notifications.TestPWAAssets" name="test_service_worker_has_notification_click" time="0.097" /><testcase classname="tests.test_iteration13_caching_notifications.TestRegressionAuth" name="test_login_admin" time="0.342" /><testcase classname="tests.test_iteration13_caching_notifications.TestRegressionAuth" name="test_health_check" time="0.102" /><testcase classname="tests.test_iteration13_caching_notifications.TestRegressionNavigation" name="test_rooms_api" time="0.100" /><testcase classname="tests.test_iteration13_caching_notifications.TestRegressionNavigation" name="test_guests_api" time="0.115" /><testcase classname="tests.test_iteration13_caching_notifications.TestRegressionNavigation" name="test_reservations_api" time="0.105" /><testcase classname="tests.test_iteration13_caching_notifications.TestRegressionNavigation" name="test_analytics_kpi_api" time="0.103" /><testcase classname="tests.test_iteration13_caching_notifications.TestRegressionNavigation" name="test_revenue_kpi_api" time="0.098" /><testcase classname="tests.test_iteration13_caching_notifications.TestRegressionNavigation" name="test_audit_logs_api" time="0.101" /></testsuite></testsuites>