<?xml version="1.0" encoding="utf-8"?><testsuites name="pytest tests"><testsuite name="pytest" errors="0" failures="0" skipped="0" tests="20" time="4.012" timestamp="2026-02-15T16:11:47.931579+00:00" hostname="agent-env-7b841c8f-7935-4747-8b83-3ee2c1e118e4"><testcase classname="backend.tests.test_iteration10_new_features.TestEveningRoomCheckAutomation" name="test_evening_room_check_endpoint_exists" time="0.207" /><testcase classname="backend.tests.test_iteration10_new_features.TestEveningRoomCheckAutomation" name="test_scheduled_jobs_includes_evening_check" time="0.131" /><testcase classname="backend.tests.test_iteration10_new_features.TestEveningRoomCheckAutomation" name="test_automation_summary_includes_evening_checks" time="0.176" /><testcase classname="backend.tests.test_iteration10_new_features.TestEveningRoomCheckAutomation" name="test_evening_room_check_creates_log" time="0.330" /><testcase classname="backend.tests.test_iteration10_new_features.TestDynamicDashboard" name="test_dashboard_stats_returns_expected_fields" time="0.160" /><testcase classname="backend.tests.test_iteration10_new_features.TestDynamicDashboard" name="test_weekly_trend_data_structure" time="0.257" /><testcase classname="backend.tests.test_iteration10_new_features.TestDynamicDashboard" name="test_todays_checkins_checkouts_are_integers" time="0.243" /><testcase classname="backend.tests.test_iteration10_new_features.TestDynamicDashboard" name="test_monthly_revenue_is_numeric" time="0.182" /><testcase classname="backend.tests.test_iteration10_new_features.TestDynamicDashboard" name="test_rooms_list_returns_room_data" time="0.193" /><testcase classname="backend.tests.test_iteration10_new_features.TestDynamicDashboard" name="test_room_status_counts_structure" time="0.182" /><testcase classname="backend.tests.test_iteration10_new_features.TestDynamicDashboard" name="test_recent_activity_structure" time="0.214" /><testcase classname="backend.tests.test_iteration10_new_features.TestMultiLanguageSupport" name="test_languages_list_returns_5_languages" time="0.179" /><testcase classname="backend.tests.test_iteration10_new_features.TestMultiLanguageSupport" name="test_english_translations" time="0.169" /><testcase classname="backend.tests.test_iteration10_new_features.TestMultiLanguageSupport" name="test_turkish_translations" time="0.145" /><testcase classname="backend.tests.test_iteration10_new_features.TestMultiLanguageSupport" name="test_german_translations" time="0.143" /><testcase classname="backend.tests.test_iteration10_new_features.TestMultiLanguageSupport" name="test_french_translations" time="0.201" /><testcase classname="backend.tests.test_iteration10_new_features.TestMultiLanguageSupport" name="test_russian_translations" time="0.142" /><testcase classname="backend.tests.test_iteration10_new_features.TestMultiLanguageSupport" name="test_invalid_language_falls_back_to_turkish" time="0.119" /><testcase classname="backend.tests.test_iteration10_new_features.TestMultiLanguageSupport" name="test_language_list_structure" time="0.236" /><testcase classname="backend.tests.test_iteration10_new_features.TestScheduledJobsComplete" name="test_all_four_jobs_exist" time="0.275" /></testsuite></testsuites>