<?xml version="1.0" encoding="utf-8"?><testsuites name="pytest tests"><testsuite name="pytest" errors="0" failures="0" skipped="0" tests="16" time="15.926" timestamp="2026-02-15T09:41:21.304495+00:00" hostname="agent-env-4eebb1df-6db0-4161-993f-c50714484f07"><testcase classname="backend.tests.test_reviews_api.TestReviewsAPI" name="test_health_check" time="0.182" /><testcase classname="backend.tests.test_reviews_api.TestReviewsAPI" name="test_get_reviews_list" time="0.109" /><testcase classname="backend.tests.test_reviews_api.TestReviewsAPI" name="test_get_review_stats" time="0.114" /><testcase classname="backend.tests.test_reviews_api.TestReviewsAPI" name="test_create_review" time="0.123" /><testcase classname="backend.tests.test_reviews_api.TestReviewsAPI" name="test_verify_review_created_in_list" time="0.156" /><testcase classname="backend.tests.test_reviews_api.TestReviewsAPI" name="test_generate_ai_response_professional" time="5.283" /><testcase classname="backend.tests.test_reviews_api.TestReviewsAPI" name="test_verify_ai_response_persisted" time="0.121" /><testcase classname="backend.tests.test_reviews_api.TestReviewsAPI" name="test_update_review" time="0.240" /><testcase classname="backend.tests.test_reviews_api.TestReviewsAPI" name="test_generate_ai_response_friendly" time="4.127" /><testcase classname="backend.tests.test_reviews_api.TestReviewsAPI" name="test_generate_ai_response_formal" time="4.367" /><testcase classname="backend.tests.test_reviews_api.TestReviewsAPI" name="test_generate_response_invalid_review_id" time="0.123" /><testcase classname="backend.tests.test_reviews_api.TestReviewsAPI" name="test_delete_review" time="0.112" /><testcase classname="backend.tests.test_reviews_api.TestReviewsAPI" name="test_verify_review_deleted" time="0.100" /><testcase classname="backend.tests.test_reviews_api.TestReviewsAPI" name="test_delete_nonexistent_review" time="0.095" /><testcase classname="backend.tests.test_reviews_api.TestReviewsAPI" name="test_update_nonexistent_review" time="0.099" /><testcase classname="backend.tests.test_reviews_api.TestReviewsAPI" name="test_create_review_with_rating_validation" time="0.451" /></testsuite></testsuites>