<?xml version="1.0" encoding="utf-8"?><testsuites name="pytest tests"><testsuite name="pytest" errors="0" failures="0" skipped="0" tests="29" time="3.008" timestamp="2026-02-16T13:33:07.946348+00:00" hostname="agent-env-4a64e703-4129-467c-a298-c3809716975e"><testcase classname="tests.test_iteration14_redis_financials_hr.TestRedisCacheLayer" name="test_cache_stats_shows_redis_backend" time="0.485" /><testcase classname="tests.test_iteration14_redis_financials_hr.TestRedisCacheLayer" name="test_cache_hit_on_rooms_double_call" time="0.302" /><testcase classname="tests.test_iteration14_redis_financials_hr.TestRedisCacheLayer" name="test_cache_clear_resets_stats" time="0.048" /><testcase classname="tests.test_iteration14_redis_financials_hr.TestVAPIDPushNotifications" name="test_vapid_key_returns_public_key" time="0.054" /><testcase classname="tests.test_iteration14_redis_financials_hr.TestVAPIDPushNotifications" name="test_subscriber_count_returns_count" time="0.052" /><testcase classname="tests.test_iteration14_redis_financials_hr.TestVAPIDPushNotifications" name="test_send_test_notification_returns_success" time="0.269" /><testcase classname="tests.test_iteration14_redis_financials_hr.TestVAPIDPushNotifications" name="test_today_notifications" time="0.055" /><testcase classname="tests.test_iteration14_redis_financials_hr.TestFinancialCategories" name="test_categories_returns_income_and_expense" time="0.059" /><testcase classname="tests.test_iteration14_redis_financials_hr.TestFinancialIncome" name="test_add_income_with_commission" time="0.054" /><testcase classname="tests.test_iteration14_redis_financials_hr.TestFinancialIncome" name="test_list_income_with_date_range" time="0.048" /><testcase classname="tests.test_iteration14_redis_financials_hr.TestFinancialExpense" name="test_add_expense" time="0.053" /><testcase classname="tests.test_iteration14_redis_financials_hr.TestFinancialExpense" name="test_list_expense_with_date_range" time="0.051" /><testcase classname="tests.test_iteration14_redis_financials_hr.TestFinancialSummary" name="test_daily_summary" time="0.049" /><testcase classname="tests.test_iteration14_redis_financials_hr.TestFinancialSummary" name="test_monthly_summary_with_kpis" time="0.057" /><testcase classname="tests.test_iteration14_redis_financials_hr.TestFinancialDelete" name="test_delete_financial_record" time="0.107" /><testcase classname="tests.test_iteration14_redis_financials_hr.TestHotelRunnerStatus" name="test_status_returns_mock_mode_and_channels" time="0.054" /><testcase classname="tests.test_iteration14_redis_financials_hr.TestHotelRunnerChannels" name="test_channels_returns_5_otas" time="0.051" /><testcase classname="tests.test_iteration14_redis_financials_hr.TestHotelRunnerCancellation" name="test_cancellation_penalty_special_day" time="0.072" /><testcase classname="tests.test_iteration14_redis_financials_hr.TestHotelRunnerCancellation" name="test_cancellation_penalty_regular_day" time="0.049" /><testcase classname="tests.test_iteration14_redis_financials_hr.TestHotelRunnerWebhook" name="test_webhook_reservation_created" time="0.103" /><testcase classname="tests.test_iteration14_redis_financials_hr.TestHotelRunnerSync" name="test_full_sync_returns_mock_results" time="0.121" /><testcase classname="tests.test_iteration14_redis_financials_hr.TestHotelRunnerSync" name="test_sync_logs_returns_logs_array" time="0.066" /><testcase classname="tests.test_iteration14_redis_financials_hr.TestCleanup" name="test_cleanup_test_financials" time="0.227" /><testcase classname="tests.test_iteration14_redis_financials_hr.TestRegression" name="test_health_check" time="0.049" /><testcase classname="tests.test_iteration14_redis_financials_hr.TestRegression" name="test_dashboard_stats" time="0.081" /><testcase classname="tests.test_iteration14_redis_financials_hr.TestRegression" name="test_rooms_endpoint" time="0.063" /><testcase classname="tests.test_iteration14_redis_financials_hr.TestRegression" name="test_reservations_endpoint" time="0.063" /><testcase classname="tests.test_iteration14_redis_financials_hr.TestRegression" name="test_analytics_kpi" time="0.063" /><testcase classname="tests.test_iteration14_redis_financials_hr.TestRegression" name="test_audit_logs" time="0.065" /></testsuite></testsuites>