<?xml version="1.0" encoding="utf-8"?><testsuites name="pytest tests"><testsuite name="pytest" errors="0" failures="0" skipped="0" tests="15" time="5.593" timestamp="2026-02-17T08:21:57.481503+00:00" hostname="agent-env-f945c202-c3c2-4b09-960d-bcda71eaf9ab"><testcase classname="tests.test_iteration17_whatsapp_instagram.TestWebhookStatus" name="test_webhook_status_returns_both_platforms" time="0.293" /><testcase classname="tests.test_iteration17_whatsapp_instagram.TestWhatsAppTemplates" name="test_list_templates_returns_5_templates" time="0.220" /><testcase classname="tests.test_iteration17_whatsapp_instagram.TestWhatsAppConfig" name="test_whatsapp_config_returns_status" time="0.382" /><testcase classname="tests.test_iteration17_whatsapp_instagram.TestWhatsAppSend" name="test_send_manual_message_mock_mode" time="0.237" /><testcase classname="tests.test_iteration17_whatsapp_instagram.TestWhatsAppSend" name="test_send_message_phone_normalization" time="0.676" /><testcase classname="tests.test_iteration17_whatsapp_instagram.TestWhatsAppWebhook" name="test_webhook_processes_text_message" time="0.182" /><testcase classname="tests.test_iteration17_whatsapp_instagram.TestWhatsAppWebhook" name="test_webhook_processes_interactive_button" time="0.196" /><testcase classname="tests.test_iteration17_whatsapp_instagram.TestInstagramWebhook" name="test_instagram_sessions_returns_list" time="0.165" /><testcase classname="tests.test_iteration17_whatsapp_instagram.TestInstagramWebhook" name="test_instagram_messages_returns_list" time="0.213" /><testcase classname="tests.test_iteration17_whatsapp_instagram.TestInstagramWebhook" name="test_webhook_processes_instagram_dm" time="0.248" /><testcase classname="tests.test_iteration17_whatsapp_instagram.TestWhatsAppSessionsMessages" name="test_whatsapp_sessions_returns_list" time="0.135" /><testcase classname="tests.test_iteration17_whatsapp_instagram.TestWhatsAppSessionsMessages" name="test_whatsapp_messages_returns_list" time="0.146" /><testcase classname="tests.test_iteration17_whatsapp_instagram.TestWhatsAppSessionsMessages" name="test_whatsapp_messages_filter_by_session" time="0.266" /><testcase classname="tests.test_iteration17_whatsapp_instagram.TestWhatsAppNotifications" name="test_notifications_returns_list" time="0.143" /><testcase classname="tests.test_iteration17_whatsapp_instagram.TestChatbotIntegration" name="test_chatbot_greeting_response" time="1.882" /></testsuite></testsuites>