<?xml version="1.0" encoding="utf-8"?><testsuites name="pytest tests"><testsuite name="pytest" errors="0" failures="0" skipped="0" tests="25" time="4.699" timestamp="2026-02-15T10:16:43.457736+00:00" hostname="agent-env-4eebb1df-6db0-4161-993f-c50714484f07"><testcase classname="tests.test_faz25_new_features.TestHealthAndSetup" name="test_health_endpoint" time="0.246" /><testcase classname="tests.test_faz25_new_features.TestHealthAndSetup" name="test_auth_setup_already_exists" time="0.109" /><testcase classname="tests.test_faz25_new_features.TestAuthJWT" name="test_login_success" time="0.377" /><testcase classname="tests.test_faz25_new_features.TestAuthJWT" name="test_login_invalid_credentials" time="0.331" /><testcase classname="tests.test_faz25_new_features.TestAuthJWT" name="test_get_me_with_token" time="0.458" /><testcase classname="tests.test_faz25_new_features.TestAuthJWT" name="test_get_me_without_token" time="0.123" /><testcase classname="tests.test_faz25_new_features.TestAuthJWT" name="test_get_roles" time="0.097" /><testcase classname="tests.test_faz25_new_features.TestDynamicPricing" name="test_calculate_high_season_holiday" time="0.106" /><testcase classname="tests.test_faz25_new_features.TestDynamicPricing" name="test_calculate_low_season" time="0.102" /><testcase classname="tests.test_faz25_new_features.TestDynamicPricing" name="test_calculate_price_range" time="0.132" /><testcase classname="tests.test_faz25_new_features.TestDynamicPricing" name="test_get_seasons" time="0.098" /><testcase classname="tests.test_faz25_new_features.TestDynamicPricing" name="test_get_holidays" time="0.103" /><testcase classname="tests.test_faz25_new_features.TestTableReservations" name="test_get_availability" time="0.097" /><testcase classname="tests.test_faz25_new_features.TestTableReservations" name="test_create_table_reservation" time="0.105" /><testcase classname="tests.test_faz25_new_features.TestTableReservations" name="test_update_reservation_status" time="0.389" /><testcase classname="tests.test_faz25_new_features.TestTableReservations" name="test_delete_table_reservation" time="0.215" /><testcase classname="tests.test_faz25_new_features.TestLifecycleMessages" name="test_get_templates" time="0.119" /><testcase classname="tests.test_faz25_new_features.TestLifecycleMessages" name="test_preview_message" time="0.104" /><testcase classname="tests.test_faz25_new_features.TestLifecycleMessages" name="test_preview_invalid_template" time="0.112" /><testcase classname="tests.test_faz25_new_features.TestAutomationBots" name="test_get_summary" time="0.111" /><testcase classname="tests.test_faz25_new_features.TestAutomationBots" name="test_payment_reminder_bot" time="0.105" /><testcase classname="tests.test_faz25_new_features.TestAutomationBots" name="test_cancellation_check_bot" time="0.098" /><testcase classname="tests.test_faz25_new_features.TestAutomationBots" name="test_kitchen_forecast" time="0.109" /><testcase classname="tests.test_faz25_new_features.TestDashboardAndRooms" name="test_dashboard_stats" time="0.164" /><testcase classname="tests.test_faz25_new_features.TestDashboardAndRooms" name="test_get_rooms" time="0.592" /></testsuite></testsuites>