<?xml version="1.0" encoding="utf-8"?><testsuites name="pytest tests"><testsuite name="pytest" errors="0" failures="1" skipped="0" tests="30" time="8.316" timestamp="2026-02-15T14:55:47.196000+00:00" hostname="agent-env-7f36e715-aecd-45f0-8884-2b43cd6b40a4"><testcase classname="backend.tests.test_iteration8_comprehensive.TestHealthCheck" name="test_health_endpoint" time="0.293" /><testcase classname="backend.tests.test_iteration8_comprehensive.TestAuthentication" name="test_login_with_admin_credentials" time="0.366" /><testcase classname="backend.tests.test_iteration8_comprehensive.TestAuthentication" name="test_get_me_endpoint" time="0.448" /><testcase classname="backend.tests.test_iteration8_comprehensive.TestAuthentication" name="test_get_roles" time="0.101" /><testcase classname="backend.tests.test_iteration8_comprehensive.TestDashboard" name="test_dashboard_stats" time="0.445" /><testcase classname="backend.tests.test_iteration8_comprehensive.TestRooms" name="test_list_rooms" time="0.174" /><testcase classname="backend.tests.test_iteration8_comprehensive.TestGuests" name="test_list_guests" time="0.450" /><testcase classname="backend.tests.test_iteration8_comprehensive.TestReservations" name="test_list_reservations" time="0.462" /><testcase classname="backend.tests.test_iteration8_comprehensive.TestEvents" name="test_seed_sample_events" time="1.007" /><testcase classname="backend.tests.test_iteration8_comprehensive.TestEvents" name="test_list_events" time="0.111" /><testcase classname="backend.tests.test_iteration8_comprehensive.TestAutomation" name="test_automation_summary" time="0.460" /><testcase classname="backend.tests.test_iteration8_comprehensive.TestAutomation" name="test_scheduled_jobs" time="0.108" /><testcase classname="backend.tests.test_iteration8_comprehensive.TestAutomation" name="test_breakfast_notification_manual_trigger" time="0.112" /><testcase classname="backend.tests.test_iteration8_comprehensive.TestAutomation" name="test_morning_reminders_manual_trigger" time="0.116" /><testcase classname="backend.tests.test_iteration8_comprehensive.TestAutomation" name="test_cleaning_notification_manual_trigger" time="0.111"><failure message="AttributeError: 'NoneType' object has no attribute 'get'">backend/tests/test_iteration8_comprehensive.py:314: in test_cleaning_notification_manual_trigger
    print(f"Cleaning notification: {data.get('notification', {}).get('message', 'triggered')}")
                                    ^^^^^^^^^^^^^^^^^^^^^^^^^^^^^^^^
E   AttributeError: 'NoneType' object has no attribute 'get'</failure></testcase><testcase classname="backend.tests.test_iteration8_comprehensive.TestAutomation" name="test_group_notifications_list" time="0.127" /><testcase classname="backend.tests.test_iteration8_comprehensive.TestAutomation" name="test_automation_logs" time="0.103" /><testcase classname="backend.tests.test_iteration8_comprehensive.TestAutomation" name="test_payment_reminder_bot" time="0.133" /><testcase classname="backend.tests.test_iteration8_comprehensive.TestAutomation" name="test_cancellation_check_bot" time="0.109" /><testcase classname="backend.tests.test_iteration8_comprehensive.TestAutomation" name="test_kitchen_forecast_bot" time="0.108" /><testcase classname="backend.tests.test_iteration8_comprehensive.TestWhatsApp" name="test_whatsapp_config_status" time="0.467" /><testcase classname="backend.tests.test_iteration8_comprehensive.TestWhatsApp" name="test_whatsapp_messages_list" time="0.117" /><testcase classname="backend.tests.test_iteration8_comprehensive.TestWhatsApp" name="test_whatsapp_notifications_list" time="0.106" /><testcase classname="backend.tests.test_iteration8_comprehensive.TestKitchen" name="test_kitchen_orders_list" time="0.679" /><testcase classname="backend.tests.test_iteration8_comprehensive.TestKitchen" name="test_kitchen_summary" time="0.125" /><testcase classname="backend.tests.test_iteration8_comprehensive.TestTableReservations" name="test_table_reservations_list" time="0.495" /><testcase classname="backend.tests.test_iteration8_comprehensive.TestChatbot" name="test_chatbot_send_message" time="0.115" /><testcase classname="backend.tests.test_iteration8_comprehensive.TestSocialMedia" name="test_social_posts_list" time="0.483" /><testcase classname="backend.tests.test_iteration8_comprehensive.TestPublicQRMenu" name="test_public_menu_loads" time="0.115" /><testcase classname="backend.tests.test_iteration8_comprehensive.TestPublicQRMenu" name="test_public_theme_loads" time="0.103" /></testsuite></testsuites>