<?xml version="1.0" encoding="utf-8"?><testsuites name="pytest tests"><testsuite name="pytest" errors="0" failures="0" skipped="0" tests="14" time="3.106" timestamp="2026-02-16T17:04:48.594182+00:00" hostname="agent-env-4a64e703-4129-467c-a298-c3809716975e"><testcase classname="tests.test_iteration16_routing_seo_qr_chatbot.TestQRCodeAPI" name="test_qr_menu_returns_png_image" time="0.459" /><testcase classname="tests.test_iteration16_routing_seo_qr_chatbot.TestQRCodeAPI" name="test_qr_menu_with_custom_size" time="0.545" /><testcase classname="tests.test_iteration16_routing_seo_qr_chatbot.TestQRCodeAPI" name="test_qr_menu_info_returns_correct_url" time="0.156" /><testcase classname="tests.test_iteration16_routing_seo_qr_chatbot.TestChatbotForbiddenTopics" name="test_forbidden_politics_blocked" time="0.248" /><testcase classname="tests.test_iteration16_routing_seo_qr_chatbot.TestChatbotForbiddenTopics" name="test_forbidden_competitor_blocked" time="0.156" /><testcase classname="tests.test_iteration16_routing_seo_qr_chatbot.TestChatbotEscalation" name="test_large_group_escalation" time="0.121" /><testcase classname="tests.test_iteration16_routing_seo_qr_chatbot.TestChatbotEscalation" name="test_30_person_group_escalation" time="0.169" /><testcase classname="tests.test_iteration16_routing_seo_qr_chatbot.TestChatbotNoFalsePositive" name="test_iptal_politikasi_not_forbidden" time="0.160" /><testcase classname="tests.test_iteration16_routing_seo_qr_chatbot.TestChatbotPriceInfo" name="test_oda_fiyatlari_returns_5_room_types" time="0.148" /><testcase classname="tests.test_iteration16_routing_seo_qr_chatbot.TestChatbotExtraServices" name="test_camasir_servisi_returns_laundry_info" time="0.121" /><testcase classname="tests.test_iteration16_routing_seo_qr_chatbot.TestChatbotExtraServices" name="test_transfer_info" time="0.132" /><testcase classname="tests.test_iteration16_routing_seo_qr_chatbot.TestPublicMenu" name="test_public_menu_api_works" time="0.249" /><testcase classname="tests.test_iteration16_routing_seo_qr_chatbot.TestHealthAndRegression" name="test_health_check" time="0.159" /><testcase classname="tests.test_iteration16_routing_seo_qr_chatbot.TestHealthAndRegression" name="test_dashboard_stats" time="0.161" /></testsuite></testsuites>