<?xml version="1.0" encoding="utf-8"?><testsuites name="pytest tests"><testsuite name="pytest" errors="0" failures="1" skipped="0" tests="20" time="3.451" timestamp="2026-02-15T16:11:20.663871+00:00" hostname="agent-env-7b841c8f-7935-4747-8b83-3ee2c1e118e4"><testcase classname="backend.tests.test_iteration10_new_features.TestEveningRoomCheckAutomation" name="test_evening_room_check_endpoint_exists" time="0.395" /><testcase classname="backend.tests.test_iteration10_new_features.TestEveningRoomCheckAutomation" name="test_scheduled_jobs_includes_evening_check" time="0.138" /><testcase classname="backend.tests.test_iteration10_new_features.TestEveningRoomCheckAutomation" name="test_automation_summary_includes_evening_checks" time="0.146" /><testcase classname="backend.tests.test_iteration10_new_features.TestEveningRoomCheckAutomation" name="test_evening_room_check_creates_log" time="0.284" /><testcase classname="backend.tests.test_iteration10_new_features.TestDynamicDashboard" name="test_dashboard_stats_returns_expected_fields" time="0.159" /><testcase classname="backend.tests.test_iteration10_new_features.TestDynamicDashboard" name="test_weekly_trend_data_structure" time="0.147" /><testcase classname="backend.tests.test_iteration10_new_features.TestDynamicDashboard" name="test_todays_checkins_checkouts_are_integers" time="0.151" /><testcase classname="backend.tests.test_iteration10_new_features.TestDynamicDashboard" name="test_monthly_revenue_is_numeric" time="0.188" /><testcase classname="backend.tests.test_iteration10_new_features.TestDynamicDashboard" name="test_rooms_list_returns_room_data" time="0.140"><failure message="AssertionError: Room should have 'id'&#10;assert 'id' in {'status': 'available'}">backend/tests/test_iteration10_new_features.py:156: in test_rooms_list_returns_room_data
    assert "id" in room, "Room should have 'id'"
E   AssertionError: Room should have 'id'
E   assert 'id' in {'status': 'available'}</failure></testcase><testcase classname="backend.tests.test_iteration10_new_features.TestDynamicDashboard" name="test_room_status_counts_structure" time="0.134" /><testcase classname="backend.tests.test_iteration10_new_features.TestDynamicDashboard" name="test_recent_activity_structure" time="0.140" /><testcase classname="backend.tests.test_iteration10_new_features.TestMultiLanguageSupport" name="test_languages_list_returns_5_languages" time="0.117" /><testcase classname="backend.tests.test_iteration10_new_features.TestMultiLanguageSupport" name="test_english_translations" time="0.113" /><testcase classname="backend.tests.test_iteration10_new_features.TestMultiLanguageSupport" name="test_turkish_translations" time="0.148" /><testcase classname="backend.tests.test_iteration10_new_features.TestMultiLanguageSupport" name="test_german_translations" time="0.104" /><testcase classname="backend.tests.test_iteration10_new_features.TestMultiLanguageSupport" name="test_french_translations" time="0.232" /><testcase classname="backend.tests.test_iteration10_new_features.TestMultiLanguageSupport" name="test_russian_translations" time="0.128" /><testcase classname="backend.tests.test_iteration10_new_features.TestMultiLanguageSupport" name="test_invalid_language_falls_back_to_turkish" time="0.127" /><testcase classname="backend.tests.test_iteration10_new_features.TestMultiLanguageSupport" name="test_language_list_structure" time="0.130" /><testcase classname="backend.tests.test_iteration10_new_features.TestScheduledJobsComplete" name="test_all_four_jobs_exist" time="0.110" /></testsuite></testsuites>