<?xml version="1.0" encoding="utf-8"?><testsuites name="pytest tests"><testsuite name="pytest" errors="0" failures="1" skipped="0" tests="15" time="4.671" timestamp="2026-02-17T08:21:37.927985+00:00" hostname="agent-env-f945c202-c3c2-4b09-960d-bcda71eaf9ab"><testcase classname="tests.test_iteration17_whatsapp_instagram.TestWebhookStatus" name="test_webhook_status_returns_both_platforms" time="0.368" /><testcase classname="tests.test_iteration17_whatsapp_instagram.TestWhatsAppTemplates" name="test_list_templates_returns_5_templates" time="0.143" /><testcase classname="tests.test_iteration17_whatsapp_instagram.TestWhatsAppConfig" name="test_whatsapp_config_returns_status" time="0.136" /><testcase classname="tests.test_iteration17_whatsapp_instagram.TestWhatsAppSend" name="test_send_manual_message_mock_mode" time="0.236" /><testcase classname="tests.test_iteration17_whatsapp_instagram.TestWhatsAppSend" name="test_send_message_phone_normalization" time="0.631" /><testcase classname="tests.test_iteration17_whatsapp_instagram.TestWhatsAppWebhook" name="test_webhook_processes_text_message" time="0.214" /><testcase classname="tests.test_iteration17_whatsapp_instagram.TestWhatsAppWebhook" name="test_webhook_processes_interactive_button" time="0.155" /><testcase classname="tests.test_iteration17_whatsapp_instagram.TestInstagramWebhook" name="test_instagram_sessions_returns_list" time="0.189" /><testcase classname="tests.test_iteration17_whatsapp_instagram.TestInstagramWebhook" name="test_instagram_messages_returns_list" time="0.173" /><testcase classname="tests.test_iteration17_whatsapp_instagram.TestInstagramWebhook" name="test_webhook_processes_instagram_dm" time="0.290" /><testcase classname="tests.test_iteration17_whatsapp_instagram.TestWhatsAppSessionsMessages" name="test_whatsapp_sessions_returns_list" time="0.170" /><testcase classname="tests.test_iteration17_whatsapp_instagram.TestWhatsAppSessionsMessages" name="test_whatsapp_messages_returns_list" time="0.128" /><testcase classname="tests.test_iteration17_whatsapp_instagram.TestWhatsAppSessionsMessages" name="test_whatsapp_messages_filter_by_session" time="0.453"><failure message="AssertionError: assert None == 'wa_905551112244'&#10; +  where None = &lt;built-in method get of dict object at 0xfa7ba4c2f280&gt;('session_id')&#10; +    where &lt;built-in method get of dict object at 0xfa7ba4c2f280&gt; = {'created_at': '2026-02-15T06:30:41.206052+00:00', 'from_number': '+905321234567', 'id': 'fcd2c625-e63c-4930-96d8-299e3f83e45a', 'intent': 'general', ...}.get">tests/test_iteration17_whatsapp_instagram.py:335: in test_whatsapp_messages_filter_by_session
    assert msg.get("session_id") == session_id
E   AssertionError: assert None == 'wa_905551112244'
E    +  where None = &lt;built-in method get of dict object at 0xfa7ba4c2f280&gt;('session_id')
E    +    where &lt;built-in method get of dict object at 0xfa7ba4c2f280&gt; = {'created_at': '2026-02-15T06:30:41.206052+00:00', 'from_number': '+905321234567', 'id': 'fcd2c625-e63c-4930-96d8-299e3f83e45a', 'intent': 'general', ...}.get</failure></testcase><testcase classname="tests.test_iteration17_whatsapp_instagram.TestWhatsAppNotifications" name="test_notifications_returns_list" time="0.181" /><testcase classname="tests.test_iteration17_whatsapp_instagram.TestChatbotIntegration" name="test_chatbot_greeting_response" time="0.801" /></testsuite></testsuites>