<?xml version="1.0" encoding="utf-8"?><testsuites name="pytest tests"><testsuite name="pytest" errors="0" failures="0" skipped="0" tests="30" time="8.299" timestamp="2026-02-15T14:59:15.487202+00:00" hostname="agent-env-7f36e715-aecd-45f0-8884-2b43cd6b40a4"><testcase classname="backend.tests.test_iteration8_comprehensive.TestHealthCheck" name="test_health_endpoint" time="0.152" /><testcase classname="backend.tests.test_iteration8_comprehensive.TestAuthentication" name="test_login_with_admin_credentials" time="0.491" /><testcase classname="backend.tests.test_iteration8_comprehensive.TestAuthentication" name="test_get_me_endpoint" time="0.439" /><testcase classname="backend.tests.test_iteration8_comprehensive.TestAuthentication" name="test_get_roles" time="0.109" /><testcase classname="backend.tests.test_iteration8_comprehensive.TestDashboard" name="test_dashboard_stats" time="0.446" /><testcase classname="backend.tests.test_iteration8_comprehensive.TestRooms" name="test_list_rooms" time="0.115" /><testcase classname="backend.tests.test_iteration8_comprehensive.TestGuests" name="test_list_guests" time="0.448" /><testcase classname="backend.tests.test_iteration8_comprehensive.TestReservations" name="test_list_reservations" time="0.435" /><testcase classname="backend.tests.test_iteration8_comprehensive.TestEvents" name="test_seed_sample_events" time="1.226" /><testcase classname="backend.tests.test_iteration8_comprehensive.TestEvents" name="test_list_events" time="0.105" /><testcase classname="backend.tests.test_iteration8_comprehensive.TestAutomation" name="test_automation_summary" time="0.472" /><testcase classname="backend.tests.test_iteration8_comprehensive.TestAutomation" name="test_scheduled_jobs" time="0.130" /><testcase classname="backend.tests.test_iteration8_comprehensive.TestAutomation" name="test_breakfast_notification_manual_trigger" time="0.110" /><testcase classname="backend.tests.test_iteration8_comprehensive.TestAutomation" name="test_morning_reminders_manual_trigger" time="0.110" /><testcase classname="backend.tests.test_iteration8_comprehensive.TestAutomation" name="test_cleaning_notification_manual_trigger" time="0.120" /><testcase classname="backend.tests.test_iteration8_comprehensive.TestAutomation" name="test_group_notifications_list" time="0.101" /><testcase classname="backend.tests.test_iteration8_comprehensive.TestAutomation" name="test_automation_logs" time="0.143" /><testcase classname="backend.tests.test_iteration8_comprehensive.TestAutomation" name="test_payment_reminder_bot" time="0.121" /><testcase classname="backend.tests.test_iteration8_comprehensive.TestAutomation" name="test_cancellation_check_bot" time="0.107" /><testcase classname="backend.tests.test_iteration8_comprehensive.TestAutomation" name="test_kitchen_forecast_bot" time="0.132" /><testcase classname="backend.tests.test_iteration8_comprehensive.TestWhatsApp" name="test_whatsapp_config_status" time="0.448" /><testcase classname="backend.tests.test_iteration8_comprehensive.TestWhatsApp" name="test_whatsapp_messages_list" time="0.109" /><testcase classname="backend.tests.test_iteration8_comprehensive.TestWhatsApp" name="test_whatsapp_notifications_list" time="0.118" /><testcase classname="backend.tests.test_iteration8_comprehensive.TestKitchen" name="test_kitchen_orders_list" time="0.450" /><testcase classname="backend.tests.test_iteration8_comprehensive.TestKitchen" name="test_kitchen_summary" time="0.102" /><testcase classname="backend.tests.test_iteration8_comprehensive.TestTableReservations" name="test_table_reservations_list" time="0.435" /><testcase classname="backend.tests.test_iteration8_comprehensive.TestChatbot" name="test_chatbot_send_message" time="0.098" /><testcase classname="backend.tests.test_iteration8_comprehensive.TestSocialMedia" name="test_social_posts_list" time="0.442" /><testcase classname="backend.tests.test_iteration8_comprehensive.TestPublicQRMenu" name="test_public_menu_loads" time="0.098" /><testcase classname="backend.tests.test_iteration8_comprehensive.TestPublicQRMenu" name="test_public_theme_loads" time="0.425" /></testsuite></testsuites>