<?xml version="1.0" encoding="utf-8"?><testsuites name="pytest tests"><testsuite name="pytest" errors="0" failures="0" skipped="0" tests="17" time="4.245" timestamp="2026-03-03T10:49:56.653710+00:00" hostname="agent-env-f945c202-c3c2-4b09-960d-bcda71eaf9ab"><testcase classname="backend.tests.test_iteration19_floor_plan.TestFloorPlanEndpoints" name="test_floor_plan_returns_5_zones" time="0.270" /><testcase classname="backend.tests.test_iteration19_floor_plan.TestFloorPlanEndpoints" name="test_floor_plan_returns_20_tables" time="0.195" /><testcase classname="backend.tests.test_iteration19_floor_plan.TestFloorPlanEndpoints" name="test_floor_plan_zone_counts" time="0.198" /><testcase classname="backend.tests.test_iteration19_floor_plan.TestFloorPlanEndpoints" name="test_tables_endpoint_returns_20_tables" time="0.225" /><testcase classname="backend.tests.test_iteration19_floor_plan.TestFloorPlanEndpoints" name="test_tables_capacity_total_106" time="0.205" /><testcase classname="backend.tests.test_iteration19_floor_plan.TestFloorPlanEndpoints" name="test_tables_types_count" time="0.207" /><testcase classname="backend.tests.test_iteration19_floor_plan.TestFloorPlanEndpoints" name="test_zones_endpoint_returns_5_zones" time="0.195" /><testcase classname="backend.tests.test_iteration19_floor_plan.TestTableReservationCRUD" name="test_create_reservation_m10_dinner" time="0.300" /><testcase classname="backend.tests.test_iteration19_floor_plan.TestTableReservationCRUD" name="test_floor_plan_shows_occupied_after_reservation" time="0.435" /><testcase classname="backend.tests.test_iteration19_floor_plan.TestTableReservationCRUD" name="test_create_reservation_round_table_a_8_people" time="0.423" /><testcase classname="backend.tests.test_iteration19_floor_plan.TestTableReservationCRUD" name="test_availability_dinner_endpoint" time="0.200" /><testcase classname="backend.tests.test_iteration19_floor_plan.TestTableReservationStats" name="test_stats_returns_config" time="0.204" /><testcase classname="backend.tests.test_iteration19_floor_plan.TestTableReservationStats" name="test_stats_meal_breakdown" time="0.205" /><testcase classname="backend.tests.test_iteration19_floor_plan.TestSpecificTableIds" name="test_all_table_ids_present" time="0.208" /><testcase classname="backend.tests.test_iteration19_floor_plan.TestSpecificTableIds" name="test_round_tables_capacity" time="0.190" /><testcase classname="backend.tests.test_iteration19_floor_plan.TestSpecificTableIds" name="test_small_tables_capacity" time="0.205" /><testcase classname="backend.tests.test_iteration19_floor_plan.TestSpecificTableIds" name="test_bar_tables_capacity" time="0.227" /></testsuite></testsuites>