<?xml version="1.0" encoding="utf-8"?><testsuites name="pytest tests"><testsuite name="pytest" errors="0" failures="0" skipped="0" tests="26" time="5.490" timestamp="2026-02-16T08:38:43.235993+00:00" hostname="agent-env-73eea367-9238-4eaf-8fa0-03d1ff1a1a6b"><testcase classname="backend.tests.test_iteration11_new_modules.TestRevenueManagement" name="test_get_room_types" time="0.751" /><testcase classname="backend.tests.test_iteration11_new_modules.TestRevenueManagement" name="test_calculate_dynamic_price" time="0.114" /><testcase classname="backend.tests.test_iteration11_new_modules.TestRevenueManagement" name="test_pricing_calendar" time="0.121" /><testcase classname="backend.tests.test_iteration11_new_modules.TestRevenueManagement" name="test_revenue_kpi" time="0.131" /><testcase classname="backend.tests.test_iteration11_new_modules.TestRevenueManagement" name="test_revenue_forecast" time="0.246" /><testcase classname="backend.tests.test_iteration11_new_modules.TestRevenueManagement" name="test_update_all_prices" time="0.202" /><testcase classname="backend.tests.test_iteration11_new_modules.TestAnalytics" name="test_analytics_kpi" time="0.119" /><testcase classname="backend.tests.test_iteration11_new_modules.TestAnalytics" name="test_revenue_trend" time="0.188" /><testcase classname="backend.tests.test_iteration11_new_modules.TestAnalytics" name="test_booking_sources" time="0.106" /><testcase classname="backend.tests.test_iteration11_new_modules.TestAnalytics" name="test_occupancy_heatmap" time="0.323" /><testcase classname="backend.tests.test_iteration11_new_modules.TestAnalytics" name="test_room_performance" time="0.115" /><testcase classname="backend.tests.test_iteration11_new_modules.TestAuditSecurity" name="test_get_audit_logs" time="0.152" /><testcase classname="backend.tests.test_iteration11_new_modules.TestAuditSecurity" name="test_get_audit_stats" time="0.112" /><testcase classname="backend.tests.test_iteration11_new_modules.TestAuditSecurity" name="test_get_security_alerts" time="0.126" /><testcase classname="backend.tests.test_iteration11_new_modules.TestAuditSecurity" name="test_run_security_check" time="0.119" /><testcase classname="backend.tests.test_iteration11_new_modules.TestHotelRunnerIntegration" name="test_get_status" time="0.141" /><testcase classname="backend.tests.test_iteration11_new_modules.TestHotelRunnerIntegration" name="test_get_config" time="0.107" /><testcase classname="backend.tests.test_iteration11_new_modules.TestHotelRunnerIntegration" name="test_full_sync_mock" time="0.128" /><testcase classname="backend.tests.test_iteration11_new_modules.TestHotelRunnerIntegration" name="test_sync_reservations_mock" time="0.120" /><testcase classname="backend.tests.test_iteration11_new_modules.TestHotelRunnerIntegration" name="test_sync_availability_mock" time="0.114" /><testcase classname="backend.tests.test_iteration11_new_modules.TestHotelRunnerIntegration" name="test_sync_rates_mock" time="0.103" /><testcase classname="backend.tests.test_iteration11_new_modules.TestHotelRunnerIntegration" name="test_get_sync_logs" time="0.107" /><testcase classname="backend.tests.test_iteration11_new_modules.TestEndpointAvailability" name="test_revenue_endpoints_available" time="0.412" /><testcase classname="backend.tests.test_iteration11_new_modules.TestEndpointAvailability" name="test_analytics_endpoints_available" time="0.630" /><testcase classname="backend.tests.test_iteration11_new_modules.TestEndpointAvailability" name="test_audit_endpoints_available" time="0.244" /><testcase classname="backend.tests.test_iteration11_new_modules.TestEndpointAvailability" name="test_hotelrunner_endpoints_available" time="0.247" /></testsuite></testsuites>