<?xml version="1.0" encoding="utf-8"?><testsuites name="pytest tests"><testsuite name="pytest" errors="0" failures="0" skipped="0" tests="16" time="3.967" timestamp="2026-02-15T12:13:15.519282+00:00" hostname="agent-env-258d3274-5629-4228-940f-487bc67adda7"><testcase classname="backend.tests.test_iteration7_new_features.TestLoginFix" name="test_login_admin_admin123" time="0.396" /><testcase classname="backend.tests.test_iteration7_new_features.TestLoginFix" name="test_login_wrong_password_fails" time="0.333" /><testcase classname="backend.tests.test_iteration7_new_features.TestQRMenuPublicPage" name="test_public_menu_accessible" time="0.107" /><testcase classname="backend.tests.test_iteration7_new_features.TestQRMenuPublicPage" name="test_public_menu_theme_lighter_green" time="0.170" /><testcase classname="backend.tests.test_iteration7_new_features.TestQRMenuPublicPage" name="test_public_theme_endpoint" time="0.120" /><testcase classname="backend.tests.test_iteration7_new_features.TestSocialMediaPlatforms" name="test_social_templates_six_platforms" time="0.119" /><testcase classname="backend.tests.test_iteration7_new_features.TestSocialMediaPlatforms" name="test_create_post_with_all_platforms" time="0.205" /><testcase classname="backend.tests.test_iteration7_new_features.TestSocialMediaImageUpload" name="test_upload_image_jpeg" time="0.118" /><testcase classname="backend.tests.test_iteration7_new_features.TestSocialMediaImageUpload" name="test_upload_image_png" time="0.096" /><testcase classname="backend.tests.test_iteration7_new_features.TestSocialMediaImageUpload" name="test_upload_image_webp" time="0.176" /><testcase classname="backend.tests.test_iteration7_new_features.TestSocialMediaImageUpload" name="test_upload_invalid_file_type_rejected" time="0.104" /><testcase classname="backend.tests.test_iteration7_new_features.TestSocialMediaImageUpload" name="test_create_post_with_image" time="0.435" /><testcase classname="backend.tests.test_iteration7_new_features.TestSocialMediaCRUD" name="test_create_update_delete_post" time="0.630" /><testcase classname="backend.tests.test_iteration7_new_features.TestSocialMediaCRUD" name="test_publish_post_mocked" time="0.431" /><testcase classname="backend.tests.test_iteration7_new_features.TestSocialMediaCRUD" name="test_social_stats" time="0.114" /><testcase classname="backend.tests.test_iteration7_new_features.TestHealthAndSetup" name="test_health_endpoint" time="0.261" /></testsuite></testsuites>