<?xml version="1.0" encoding="utf-8"?><testsuites name="pytest tests"><testsuite name="pytest" errors="0" failures="0" skipped="0" tests="14" time="1.138" timestamp="2026-03-03T11:44:07.099913+00:00" hostname="agent-env-a505305e-7f49-4e3d-9c40-c4f83d915215"><testcase classname="backend.tests.test_iteration19_proposals.TestProposalsAPI" name="test_01_list_proposals" time="0.146" /><testcase classname="backend.tests.test_iteration19_proposals.TestProposalsAPI" name="test_02_proposal_stats_summary" time="0.048" /><testcase classname="backend.tests.test_iteration19_proposals.TestProposalsAPI" name="test_03_create_proposal" time="0.049" /><testcase classname="backend.tests.test_iteration19_proposals.TestProposalsAPI" name="test_04_get_proposal_detail" time="0.046" /><testcase classname="backend.tests.test_iteration19_proposals.TestProposalsAPI" name="test_05_update_proposal_status_to_sent" time="0.054" /><testcase classname="backend.tests.test_iteration19_proposals.TestProposalsAPI" name="test_06_update_proposal_status_to_accepted" time="0.051" /><testcase classname="backend.tests.test_iteration19_proposals.TestProposalsAPI" name="test_07_stats_after_acceptance" time="0.054" /><testcase classname="backend.tests.test_iteration19_proposals.TestProposalsAPI" name="test_08_duplicate_proposal" time="0.051" /><testcase classname="backend.tests.test_iteration19_proposals.TestProposalsAPI" name="test_09_delete_duplicated_proposal" time="0.099" /><testcase classname="backend.tests.test_iteration19_proposals.TestProposalsAPI" name="test_10_filter_proposals_by_status" time="0.049" /><testcase classname="backend.tests.test_iteration19_proposals.TestProposalsAPI" name="test_11_update_proposal_status_to_rejected" time="0.138" /><testcase classname="backend.tests.test_iteration19_proposals.TestProposalsAPI" name="test_12_proposal_404_for_nonexistent" time="0.056" /><testcase classname="backend.tests.test_iteration19_proposals.TestProposalsAPI" name="test_13_check_existing_proposals" time="0.052" /><testcase classname="backend.tests.test_iteration19_proposals.TestProposalsAPI" name="test_14_cleanup_test_proposals" time="0.136" /></testsuite></testsuites>