<?xml version="1.0" encoding="utf-8"?><testsuites name="pytest tests"><testsuite name="pytest" errors="0" failures="0" skipped="0" tests="27" time="3.113" timestamp="2026-02-15T10:06:40.585753+00:00" hostname="agent-env-4eebb1df-6db0-4161-993f-c50714484f07"><testcase classname="backend.tests.test_new_features.TestHealthAndBasics" name="test_health_endpoint" time="0.163" /><testcase classname="backend.tests.test_new_features.TestHealthAndBasics" name="test_dashboard_stats" time="0.103" /><testcase classname="backend.tests.test_new_features.TestHealthAndBasics" name="test_rooms_list" time="0.099" /><testcase classname="backend.tests.test_new_features.TestReviewsRegression" name="test_reviews_list" time="0.110" /><testcase classname="backend.tests.test_new_features.TestReviewsRegression" name="test_reviews_stats" time="0.117" /><testcase classname="backend.tests.test_new_features.TestDynamicPricing" name="test_pricing_calculate_high_season_holiday" time="0.155" /><testcase classname="backend.tests.test_new_features.TestDynamicPricing" name="test_pricing_calculate_low_season" time="0.106" /><testcase classname="backend.tests.test_new_features.TestDynamicPricing" name="test_pricing_range" time="0.103" /><testcase classname="backend.tests.test_new_features.TestDynamicPricing" name="test_pricing_seasons" time="0.110" /><testcase classname="backend.tests.test_new_features.TestDynamicPricing" name="test_pricing_holidays" time="0.098" /><testcase classname="backend.tests.test_new_features.TestTableReservations" name="test_table_reservations_list" time="0.101" /><testcase classname="backend.tests.test_new_features.TestTableReservations" name="test_table_reservations_availability" time="0.110" /><testcase classname="backend.tests.test_new_features.TestTableReservations" name="test_table_reservations_create" time="0.114" /><testcase classname="backend.tests.test_new_features.TestTableReservations" name="test_table_reservations_update_status" time="0.101" /><testcase classname="backend.tests.test_new_features.TestTableReservations" name="test_table_reservations_verify_update" time="0.125" /><testcase classname="backend.tests.test_new_features.TestTableReservations" name="test_table_reservations_delete" time="0.101" /><testcase classname="backend.tests.test_new_features.TestGuestLifecycle" name="test_lifecycle_templates_list" time="0.127" /><testcase classname="backend.tests.test_new_features.TestGuestLifecycle" name="test_lifecycle_template_single" time="0.095" /><testcase classname="backend.tests.test_new_features.TestGuestLifecycle" name="test_lifecycle_preview" time="0.100" /><testcase classname="backend.tests.test_new_features.TestGuestLifecycle" name="test_lifecycle_history" time="0.126" /><testcase classname="backend.tests.test_new_features.TestOtherExistingAPIs" name="test_guests_list" time="0.098" /><testcase classname="backend.tests.test_new_features.TestOtherExistingAPIs" name="test_reservations_list" time="0.102" /><testcase classname="backend.tests.test_new_features.TestOtherExistingAPIs" name="test_tasks_list" time="0.095" /><testcase classname="backend.tests.test_new_features.TestOtherExistingAPIs" name="test_events_list" time="0.123" /><testcase classname="backend.tests.test_new_features.TestOtherExistingAPIs" name="test_knowledge_list" time="0.110" /><testcase classname="backend.tests.test_new_features.TestOtherExistingAPIs" name="test_menu" time="0.108" /><testcase classname="backend.tests.test_new_features.TestOtherExistingAPIs" name="test_settings" time="0.109" /></testsuite></testsuites>