<?xml version="1.0" encoding="utf-8"?><testsuites name="pytest tests"><testsuite name="pytest" errors="0" failures="0" skipped="0" tests="19" time="4.582" timestamp="2026-02-15T08:34:03.648497+00:00" hostname="agent-env-a15c59b7-f405-4b2b-98fd-4a2184db145e"><testcase classname="backend.tests.test_faz24_api.TestCampaigns" name="test_create_campaign" time="0.180" /><testcase classname="backend.tests.test_faz24_api.TestCampaigns" name="test_send_campaign_and_verify_recipients" time="0.473" /><testcase classname="backend.tests.test_faz24_api.TestCampaigns" name="test_delete_campaign" time="0.377" /><testcase classname="backend.tests.test_faz24_api.TestStaff" name="test_create_staff" time="0.127" /><testcase classname="backend.tests.test_faz24_api.TestStaff" name="test_delete_staff" time="0.359" /><testcase classname="backend.tests.test_faz24_api.TestShifts" name="test_create_shift" time="0.213" /><testcase classname="backend.tests.test_faz24_api.TestShifts" name="test_delete_shift" time="0.326" /><testcase classname="backend.tests.test_faz24_api.TestReservationsExtended" name="test_create_reservation" time="0.247" /><testcase classname="backend.tests.test_faz24_api.TestReservationsExtended" name="test_update_reservation_status_flow" time="0.866" /><testcase classname="backend.tests.test_faz24_api.TestReservationsExtended" name="test_delete_reservation" time="0.331" /><testcase classname="backend.tests.test_faz24_api.TestSettings" name="test_get_settings" time="0.102" /><testcase classname="backend.tests.test_faz24_api.TestSettings" name="test_update_settings" time="0.115" /><testcase classname="backend.tests.test_faz24_api.TestKVKK" name="test_get_kvkk_policy" time="0.106" /><testcase classname="backend.tests.test_faz24_api.TestI18N" name="test_get_languages" time="0.104" /><testcase classname="backend.tests.test_faz24_api.TestI18N" name="test_get_english_translations" time="0.102" /><testcase classname="backend.tests.test_faz24_api.TestI18N" name="test_get_german_translations" time="0.104" /><testcase classname="backend.tests.test_faz24_api.TestFocaGuide" name="test_get_local_guide" time="0.115" /><testcase classname="backend.tests.test_faz24_api.TestFocaGuide" name="test_get_hotel_history" time="0.103" /><testcase classname="backend.tests.test_faz24_api.TestHousekeepingAuto" name="test_auto_schedule_housekeeping" time="0.093" /></testsuite></testsuites>