<?xml version="1.0" encoding="utf-8"?><testsuites name="pytest tests"><testsuite name="pytest" errors="0" failures="0" skipped="0" tests="24" time="10.751" timestamp="2026-02-15T06:28:37.055585+00:00" hostname="agent-env-a15c59b7-f405-4b2b-98fd-4a2184db145e"><testcase classname="backend.tests.test_hotel_api.TestHealthAndBasics" name="test_health_endpoint" time="0.266" /><testcase classname="backend.tests.test_hotel_api.TestHealthAndBasics" name="test_hotel_info" time="0.108" /><testcase classname="backend.tests.test_hotel_api.TestHealthAndBasics" name="test_hotel_awards" time="0.122" /><testcase classname="backend.tests.test_hotel_api.TestHealthAndBasics" name="test_hotel_policies" time="0.124" /><testcase classname="backend.tests.test_hotel_api.TestDashboard" name="test_dashboard_stats" time="0.120" /><testcase classname="backend.tests.test_hotel_api.TestRooms" name="test_list_rooms" time="0.118" /><testcase classname="backend.tests.test_hotel_api.TestRooms" name="test_get_single_room" time="0.110" /><testcase classname="backend.tests.test_hotel_api.TestMenu" name="test_get_menu" time="0.101" /><testcase classname="backend.tests.test_hotel_api.TestMenu" name="test_menu_category" time="0.103" /><testcase classname="backend.tests.test_hotel_api.TestGuests" name="test_create_guest_and_verify" time="0.397" /><testcase classname="backend.tests.test_hotel_api.TestGuests" name="test_list_guests" time="0.105" /><testcase classname="backend.tests.test_hotel_api.TestTasks" name="test_create_task_and_update" time="0.429" /><testcase classname="backend.tests.test_hotel_api.TestTasks" name="test_list_tasks" time="0.121" /><testcase classname="backend.tests.test_hotel_api.TestTasks" name="test_delete_task" time="0.454" /><testcase classname="backend.tests.test_hotel_api.TestEvents" name="test_create_event_and_delete" time="0.265" /><testcase classname="backend.tests.test_hotel_api.TestEvents" name="test_list_events" time="0.113" /><testcase classname="backend.tests.test_hotel_api.TestHousekeeping" name="test_create_housekeeping" time="0.157" /><testcase classname="backend.tests.test_hotel_api.TestHousekeeping" name="test_list_housekeeping" time="0.099" /><testcase classname="backend.tests.test_hotel_api.TestKnowledge" name="test_create_knowledge" time="0.252" /><testcase classname="backend.tests.test_hotel_api.TestKnowledge" name="test_list_knowledge" time="0.112" /><testcase classname="backend.tests.test_hotel_api.TestChatbot" name="test_chatbot_message" time="4.373" /><testcase classname="backend.tests.test_hotel_api.TestWhatsApp" name="test_whatsapp_webhook" time="2.246" /><testcase classname="backend.tests.test_hotel_api.TestWhatsApp" name="test_list_whatsapp_messages" time="0.151" /><testcase classname="backend.tests.test_hotel_api.TestMessages" name="test_list_all_messages" time="0.100" /></testsuite></testsuites>