<?xml version="1.0" encoding="utf-8"?><testsuites name="pytest tests"><testsuite name="pytest" errors="0" failures="1" skipped="0" tests="22" time="8.326" timestamp="2026-02-16T09:04:13.684215+00:00" hostname="agent-env-4a64e703-4129-467c-a298-c3809716975e"><testcase classname="tests.test_iteration12_p2_optimization.TestHealthAndDatabase" name="test_health_endpoint_status" time="0.216" /><testcase classname="tests.test_iteration12_p2_optimization.TestPWAAssets" name="test_manifest_json_accessible" time="0.112" /><testcase classname="tests.test_iteration12_p2_optimization.TestPWAAssets" name="test_service_worker_accessible" time="0.118" /><testcase classname="tests.test_iteration12_p2_optimization.TestAuthFlow" name="test_login_with_admin123" time="0.358" /><testcase classname="tests.test_iteration12_p2_optimization.TestAuthFlow" name="test_login_with_kozbeyli2026" time="0.396" /><testcase classname="tests.test_iteration12_p2_optimization.TestAuthFlow" name="test_login_at_least_one_password_works" time="0.357" /><testcase classname="tests.test_iteration12_p2_optimization.TestCoreAPIs" name="test_rooms_endpoint" time="0.458" /><testcase classname="tests.test_iteration12_p2_optimization.TestCoreAPIs" name="test_guests_endpoint" time="0.576" /><testcase classname="tests.test_iteration12_p2_optimization.TestCoreAPIs" name="test_reservations_endpoint" time="0.466" /><testcase classname="tests.test_iteration12_p2_optimization.TestNewModulesRegression" name="test_revenue_kpi_endpoint" time="0.447" /><testcase classname="tests.test_iteration12_p2_optimization.TestNewModulesRegression" name="test_analytics_kpi_endpoint" time="0.457" /><testcase classname="tests.test_iteration12_p2_optimization.TestNewModulesRegression" name="test_audit_logs_endpoint" time="0.669" /><testcase classname="tests.test_iteration12_p2_optimization.TestStaticAssets" name="test_logo_accessible" time="0.134" /><testcase classname="tests.test_iteration12_p2_optimization.TestStaticAssets" name="test_index_html_accessible" time="0.106" /><testcase classname="tests.test_iteration12_p2_optimization.TestStaticAssets" name="test_page_title_is_kozbeyli" time="0.100" /><testcase classname="tests.test_iteration12_p2_optimization.TestOtherEndpoints" name="test_tasks_endpoint" time="0.498" /><testcase classname="tests.test_iteration12_p2_optimization.TestOtherEndpoints" name="test_events_endpoint" time="0.432" /><testcase classname="tests.test_iteration12_p2_optimization.TestOtherEndpoints" name="test_housekeeping_endpoint" time="0.433" /><testcase classname="tests.test_iteration12_p2_optimization.TestOtherEndpoints" name="test_staff_endpoint" time="0.441" /><testcase classname="tests.test_iteration12_p2_optimization.TestOtherEndpoints" name="test_table_reservations_endpoint" time="0.430" /><testcase classname="tests.test_iteration12_p2_optimization.TestOtherEndpoints" name="test_automation_rules_endpoint" time="0.549"><failure message="assert 404 == 200&#10; +  where 404 = &lt;Response [404]&gt;.status_code">tests/test_iteration12_p2_optimization.py:304: in test_automation_rules_endpoint
    assert response.status_code == 200
E   assert 404 == 200
E    +  where 404 = &lt;Response [404]&gt;.status_code</failure></testcase><testcase classname="tests.test_iteration12_p2_optimization.TestOtherEndpoints" name="test_hotelrunner_status_endpoint" time="0.434" /></testsuite></testsuites>