<?xml version="1.0" encoding="utf-8"?><testsuites name="pytest tests"><testsuite name="pytest" errors="0" failures="1" skipped="0" tests="29" time="3.998" timestamp="2026-02-16T13:30:20.940841+00:00" hostname="agent-env-4a64e703-4129-467c-a298-c3809716975e"><testcase classname="tests.test_iteration14_redis_financials_hr.TestRedisCacheLayer" name="test_cache_stats_shows_redis_backend" time="0.819" /><testcase classname="tests.test_iteration14_redis_financials_hr.TestRedisCacheLayer" name="test_cache_hit_on_rooms_double_call" time="0.358" /><testcase classname="tests.test_iteration14_redis_financials_hr.TestRedisCacheLayer" name="test_cache_clear_resets_stats" time="0.060" /><testcase classname="tests.test_iteration14_redis_financials_hr.TestVAPIDPushNotifications" name="test_vapid_key_returns_public_key" time="0.058" /><testcase classname="tests.test_iteration14_redis_financials_hr.TestVAPIDPushNotifications" name="test_subscriber_count_returns_count" time="0.072" /><testcase classname="tests.test_iteration14_redis_financials_hr.TestVAPIDPushNotifications" name="test_send_test_notification_returns_success" time="0.286" /><testcase classname="tests.test_iteration14_redis_financials_hr.TestVAPIDPushNotifications" name="test_today_notifications" time="0.061" /><testcase classname="tests.test_iteration14_redis_financials_hr.TestFinancialCategories" name="test_categories_returns_income_and_expense" time="0.060" /><testcase classname="tests.test_iteration14_redis_financials_hr.TestFinancialIncome" name="test_add_income_with_commission" time="0.060" /><testcase classname="tests.test_iteration14_redis_financials_hr.TestFinancialIncome" name="test_list_income_with_date_range" time="0.136" /><testcase classname="tests.test_iteration14_redis_financials_hr.TestFinancialExpense" name="test_add_expense" time="0.107" /><testcase classname="tests.test_iteration14_redis_financials_hr.TestFinancialExpense" name="test_list_expense_with_date_range" time="0.062" /><testcase classname="tests.test_iteration14_redis_financials_hr.TestFinancialSummary" name="test_daily_summary" time="0.070" /><testcase classname="tests.test_iteration14_redis_financials_hr.TestFinancialSummary" name="test_monthly_summary_with_kpis" time="0.086" /><testcase classname="tests.test_iteration14_redis_financials_hr.TestFinancialDelete" name="test_delete_financial_record" time="0.126" /><testcase classname="tests.test_iteration14_redis_financials_hr.TestHotelRunnerStatus" name="test_status_returns_mock_mode_and_channels" time="0.076" /><testcase classname="tests.test_iteration14_redis_financials_hr.TestHotelRunnerChannels" name="test_channels_returns_5_otas" time="0.064" /><testcase classname="tests.test_iteration14_redis_financials_hr.TestHotelRunnerCancellation" name="test_cancellation_penalty_special_day" time="0.067" /><testcase classname="tests.test_iteration14_redis_financials_hr.TestHotelRunnerCancellation" name="test_cancellation_penalty_regular_day" time="0.059" /><testcase classname="tests.test_iteration14_redis_financials_hr.TestHotelRunnerWebhook" name="test_webhook_reservation_created" time="0.131" /><testcase classname="tests.test_iteration14_redis_financials_hr.TestHotelRunnerSync" name="test_full_sync_returns_mock_results" time="0.110" /><testcase classname="tests.test_iteration14_redis_financials_hr.TestHotelRunnerSync" name="test_sync_logs_returns_logs_array" time="0.106" /><testcase classname="tests.test_iteration14_redis_financials_hr.TestCleanup" name="test_cleanup_test_financials" time="0.255" /><testcase classname="tests.test_iteration14_redis_financials_hr.TestRegression" name="test_health_check" time="0.072" /><testcase classname="tests.test_iteration14_redis_financials_hr.TestRegression" name="test_dashboard_stats" time="0.088"><failure message="AssertionError: assert ('revenue' in {'active_events': 3, 'available_rooms': 16, 'housekeeping_pending': 1, 'monthly_revenue': 0, ...} or 'today_revenue' in {'active_events': 3, 'available_rooms': 16, 'housekeeping_pending': 1, 'monthly_revenue': 0, ...} or 'rooms' in {'active_events': 3, 'available_rooms': 16, 'housekeeping_pending': 1, 'monthly_revenue': 0, ...})">tests/test_iteration14_redis_financials_hr.py:588: in test_dashboard_stats
    assert "revenue" in data or "today_revenue" in data or "rooms" in data
E   AssertionError: assert ('revenue' in {'active_events': 3, 'available_rooms': 16, 'housekeeping_pending': 1, 'monthly_revenue': 0, ...} or 'today_revenue' in {'active_events': 3, 'available_rooms': 16, 'housekeeping_pending': 1, 'monthly_revenue': 0, ...} or 'rooms' in {'active_events': 3, 'available_rooms': 16, 'housekeeping_pending': 1, 'monthly_revenue': 0, ...})</failure></testcase><testcase classname="tests.test_iteration14_redis_financials_hr.TestRegression" name="test_rooms_endpoint" time="0.065" /><testcase classname="tests.test_iteration14_redis_financials_hr.TestRegression" name="test_reservations_endpoint" time="0.059" /><testcase classname="tests.test_iteration14_redis_financials_hr.TestRegression" name="test_analytics_kpi" time="0.066" /><testcase classname="tests.test_iteration14_redis_financials_hr.TestRegression" name="test_audit_logs" time="0.061" /></testsuite></testsuites>